[debug] [2019-08-04T16:13:07.717Z] ----------------------------------------------------------------------
[debug] [2019-08-04T16:13:07.721Z] Command:       C:\Program Files\nodejs\node.exe C:\Users\Андрей\AppData\Roaming\npm\node_modules\firebase-tools\lib\bin\firebase.js init
[debug] [2019-08-04T16:13:07.721Z] CLI Version:   7.2.2
[debug] [2019-08-04T16:13:07.721Z] Platform:      win32
[debug] [2019-08-04T16:13:07.721Z] Node Version:  v12.4.0
[debug] [2019-08-04T16:13:07.723Z] Time:          Sun Aug 04 2019 19:13:07 GMT+0300 (GMT+03:00)
[debug] [2019-08-04T16:13:07.724Z] ----------------------------------------------------------------------
[debug] 
[debug] [2019-08-04T16:13:07.730Z] > command requires scopes: ["email","openid","https://www.googleapis.com/auth/cloudplatformprojects.readonly","https://www.googleapis.com/auth/firebase","https://www.googleapis.com/auth/cloud-platform"]
[debug] [2019-08-04T16:13:07.731Z] > authorizing via signed-in user
[info] 
     ######## #### ########  ######## ########     ###     ######  ########
     ##        ##  ##     ## ##       ##     ##  ##   ##  ##       ##
     ######    ##  ########  ######   ########  #########  ######  ######
     ##        ##  ##    ##  ##       ##     ## ##     ##       ## ##
     ##       #### ##     ## ######## ########  ##     ##  ######  ########

You're about to initialize a Firebase project in this directory:

  C:\my projects react\my-app

Before we get started, keep in mind:

  * You are currently outside your home directory

[info] 
=== Project Setup
[info] 
[info] First, let's associate this project directory with a Firebase project.
[info] You can create multiple project aliases by running firebase use --add, 
[info] but for now we'll just set up a default project.
[info] 
[debug] [2019-08-04T16:13:54.589Z] > refreshing access token with scopes: ["email","https://www.googleapis.com/auth/cloud-platform","https://www.googleapis.com/auth/cloudplatformprojects.readonly","https://www.googleapis.com/auth/firebase","openid"]
[debug] [2019-08-04T16:13:54.589Z] >>> HTTP REQUEST POST https://www.googleapis.com/oauth2/v3/token  
 <request body omitted>
[debug] [2019-08-04T16:13:54.887Z] <<< HTTP RESPONSE 200
[debug] [2019-08-04T16:13:54.955Z] >>> HTTP REQUEST GET https://firebase.googleapis.com/v1beta1/projects?page_size=100  
 
[debug] [2019-08-04T16:13:55.448Z] <<< HTTP RESPONSE 200
[info] 
=== Database Setup
[info] 
[info] Firebase Realtime Database Rules allow you to define how your data should be
[info] structured and when your data can be read from and written to.
[info] 
[debug] [2019-08-04T16:16:26.860Z] ----------------------------------------------------------------------
[debug] [2019-08-04T16:16:26.862Z] Command:       C:\Program Files\nodejs\node.exe C:\Users\Андрей\AppData\Roaming\npm\node_modules\firebase-tools\lib\bin\firebase.js init
[debug] [2019-08-04T16:16:26.863Z] CLI Version:   7.2.2
[debug] [2019-08-04T16:16:26.863Z] Platform:      win32
[debug] [2019-08-04T16:16:26.863Z] Node Version:  v12.4.0
[debug] [2019-08-04T16:16:26.866Z] Time:          Sun Aug 04 2019 19:16:26 GMT+0300 (GMT+03:00)
[debug] [2019-08-04T16:16:26.866Z] ----------------------------------------------------------------------
[debug] 
[debug] [2019-08-04T16:16:26.874Z] > command requires scopes: ["email","openid","https://www.googleapis.com/auth/cloudplatformprojects.readonly","https://www.googleapis.com/auth/firebase","https://www.googleapis.com/auth/cloud-platform"]
[debug] [2019-08-04T16:16:26.875Z] > authorizing via signed-in user
[info] 
     ######## #### ########  ######## ########     ###     ######  ########
     ##        ##  ##     ## ##       ##     ##  ##   ##  ##       ##
     ######    ##  ########  ######   ########  #########  ######  ######
     ##        ##  ##    ##  ##       ##     ## ##     ##       ## ##
     ##       #### ##     ## ######## ########  ##     ##  ######  ########

You're about to initialize a Firebase project in this directory:

  C:\my projects react\my-app

Before we get started, keep in mind:

  * You are currently outside your home directory

[info] 
=== Project Setup
[info] 
[info] First, let's associate this project directory with a Firebase project.
[info] You can create multiple project aliases by running firebase use --add, 
[info] but for now we'll just set up a default project.
[info] 
[debug] [2019-08-04T16:16:50.351Z] >>> HTTP REQUEST GET https://firebase.googleapis.com/v1beta1/projects?page_size=100  
 
[debug] [2019-08-04T16:16:50.821Z] <<< HTTP RESPONSE 200
[info] 
=== Database Setup
[info] 
[info] Firebase Realtime Database Rules allow you to define how your data should be
[info] structured and when your data can be read from and written to.
[info] 
[debug] [2019-08-04T16:18:49.060Z] ----------------------------------------------------------------------
[debug] [2019-08-04T16:18:49.063Z] Command:       C:\Program Files\nodejs\node.exe C:\Users\Андрей\AppData\Roaming\npm\node_modules\firebase-tools\lib\bin\firebase.js init
[debug] [2019-08-04T16:18:49.064Z] CLI Version:   7.2.2
[debug] [2019-08-04T16:18:49.064Z] Platform:      win32
[debug] [2019-08-04T16:18:49.064Z] Node Version:  v12.4.0
[debug] [2019-08-04T16:18:49.069Z] Time:          Sun Aug 04 2019 19:18:49 GMT+0300 (GMT+03:00)
[debug] [2019-08-04T16:18:49.069Z] ----------------------------------------------------------------------
[debug] 
[debug] [2019-08-04T16:18:49.079Z] > command requires scopes: ["email","openid","https://www.googleapis.com/auth/cloudplatformprojects.readonly","https://www.googleapis.com/auth/firebase","https://www.googleapis.com/auth/cloud-platform"]
[debug] [2019-08-04T16:18:49.080Z] > authorizing via signed-in user
[info] 
     ######## #### ########  ######## ########     ###     ######  ########
     ##        ##  ##     ## ##       ##     ##  ##   ##  ##       ##
     ######    ##  ########  ######   ########  #########  ######  ######
     ##        ##  ##    ##  ##       ##     ## ##     ##       ## ##
     ##       #### ##     ## ######## ########  ##     ##  ######  ########

You're about to initialize a Firebase project in this directory:

  C:\my projects react\my-app

Before we get started, keep in mind:

  * You are currently outside your home directory

[debug] [2019-08-04T16:19:42.866Z] ----------------------------------------------------------------------
[debug] [2019-08-04T16:19:42.869Z] Command:       C:\Program Files\nodejs\node.exe C:\Users\Андрей\AppData\Roaming\npm\node_modules\firebase-tools\lib\bin\firebase.js init
[debug] [2019-08-04T16:19:42.870Z] CLI Version:   7.2.2
[debug] [2019-08-04T16:19:42.870Z] Platform:      win32
[debug] [2019-08-04T16:19:42.870Z] Node Version:  v12.4.0
[debug] [2019-08-04T16:19:42.872Z] Time:          Sun Aug 04 2019 19:19:42 GMT+0300 (GMT+03:00)
[debug] [2019-08-04T16:19:42.872Z] ----------------------------------------------------------------------
[debug] 
[debug] [2019-08-04T16:19:42.881Z] > command requires scopes: ["email","openid","https://www.googleapis.com/auth/cloudplatformprojects.readonly","https://www.googleapis.com/auth/firebase","https://www.googleapis.com/auth/cloud-platform"]
[debug] [2019-08-04T16:19:42.882Z] > authorizing via signed-in user
[info] 
     ######## #### ########  ######## ########     ###     ######  ########
     ##        ##  ##     ## ##       ##     ##  ##   ##  ##       ##
     ######    ##  ########  ######   ########  #########  ######  ######
     ##        ##  ##    ##  ##       ##     ## ##     ##       ## ##
     ##       #### ##     ## ######## ########  ##     ##  ######  ########

You're about to initialize a Firebase project in this directory:

  C:\my projects react\my-app

Before we get started, keep in mind:

  * You are currently outside your home directory

[info] 
=== Project Setup
[info] 
[info] First, let's associate this project directory with a Firebase project.
[info] You can create multiple project aliases by running firebase use --add, 
[info] but for now we'll just set up a default project.
[info] 
[debug] [2019-08-04T16:20:04.906Z] >>> HTTP REQUEST GET https://firebase.googleapis.com/v1beta1/projects?page_size=100  
 
[debug] [2019-08-04T16:20:05.637Z] <<< HTTP RESPONSE 200
[info] 
=== Database Setup
[info] 
[info] Firebase Realtime Database Rules allow you to define how your data should be
[info] structured and when your data can be read from and written to.
[info] 
[debug] [2019-08-04T16:20:52.969Z] Error: EISDIR: illegal operation on a directory, open 'C:\my projects react\my-app\build'
    at Object.openSync (fs.js:447:3)
    at Object.writeFileSync (fs.js:1206:35)
    at Config.writeProjectFile (C:\Users\Андрей\AppData\Roaming\npm\node_modules\firebase-tools\lib\config.js:179:8)
    at C:\Users\Андрей\AppData\Roaming\npm\node_modules\firebase-tools\lib\init\features\database.js:25:23
    at processTicksAndRejections (internal/process/task_queues.js:89:5)
[error] 
[error] Error: An unexpected error has occurred.
[debug] [2019-08-04T16:22:24.458Z] ----------------------------------------------------------------------
[debug] [2019-08-04T16:22:24.461Z] Command:       C:\Program Files\nodejs\node.exe C:\Users\Андрей\AppData\Roaming\npm\node_modules\firebase-tools\lib\bin\firebase.js init
[debug] [2019-08-04T16:22:24.461Z] CLI Version:   7.2.2
[debug] [2019-08-04T16:22:24.461Z] Platform:      win32
[debug] [2019-08-04T16:22:24.461Z] Node Version:  v12.4.0
[debug] [2019-08-04T16:22:24.464Z] Time:          Sun Aug 04 2019 19:22:24 GMT+0300 (GMT+03:00)
[debug] [2019-08-04T16:22:24.464Z] ----------------------------------------------------------------------
[debug] 
[debug] [2019-08-04T16:22:24.471Z] > command requires scopes: ["email","openid","https://www.googleapis.com/auth/cloudplatformprojects.readonly","https://www.googleapis.com/auth/firebase","https://www.googleapis.com/auth/cloud-platform"]
[debug] [2019-08-04T16:22:24.471Z] > authorizing via signed-in user
[info] 
     ######## #### ########  ######## ########     ###     ######  ########
     ##        ##  ##     ## ##       ##     ##  ##   ##  ##       ##
     ######    ##  ########  ######   ########  #########  ######  ######
     ##        ##  ##    ##  ##       ##     ## ##     ##       ## ##
     ##       #### ##     ## ######## ########  ##     ##  ######  ########

You're about to initialize a Firebase project in this directory:

  C:\my projects react\my-app

Before we get started, keep in mind:

  * You are currently outside your home directory

[info] 
=== Project Setup
[info] 
[info] First, let's associate this project directory with a Firebase project.
[info] You can create multiple project aliases by running firebase use --add, 
[info] but for now we'll just set up a default project.
[info] 
[debug] [2019-08-04T16:24:11.585Z] >>> HTTP REQUEST GET https://firebase.googleapis.com/v1beta1/projects?page_size=100  
 
[debug] [2019-08-04T16:24:12.068Z] <<< HTTP RESPONSE 200
